<?xml version="1.0" encoding="UTF-8"?>
<testsuite name="br.ufrj.dcc.convexhull.utils.InputReaderUnitTest" tests="1" skipped="0" failures="0" errors="0" timestamp="2016-01-20T15:43:42" hostname="nomade" time="0.003">
  <properties/>
  <testcase name="testReadFromFile_SingleTestCase" classname="br.ufrj.dcc.convexhull.utils.InputReaderUnitTest" time="0.003"/>
  <system-out><![CDATA[]]></system-out>
  <system-err><![CDATA[]]></system-err>
</testsuite>
